<?xml version="1.0" encoding="UTF-8"?>
<!-- Generated by org.testng.reporters.JUnitReportReporter -->
<testsuite hostname="HbpSoft" failures="0" tests="10" name="Sanity.Atlas.Atlas_Edit_Polygon" time="81.352" errors="0" timestamp="2024-03-28T15:03:20 IST" skipped="0">
  <testcase classname="Sanity.Atlas.Atlas_Edit_Polygon" name="login" time="8.547"/>
  <system-out/>
  <testcase classname="Sanity.Atlas.Atlas_Edit_Polygon" name="series_set" time="17.367"/>
  <system-out/>
  <testcase classname="Sanity.Atlas.Atlas_Edit_Polygon" name="atlaseditor" time="14.268"/>
  <system-out/>
  <testcase classname="Sanity.Atlas.Atlas_Edit_Polygon" name="Editmenu" time="2.307"/>
  <system-out/>
  <testcase classname="Sanity.Atlas.Atlas_Edit_Polygon" name="contributor" time="4.477"/>
  <system-out/>
  <testcase classname="Sanity.Atlas.Atlas_Edit_Polygon" name="draw" time="2.221"/>
  <system-out/>
  <testcase classname="Sanity.Atlas.Atlas_Edit_Polygon" name="annotation" time="8.890"/>
  <system-out/>
  <testcase classname="Sanity.Atlas.Atlas_Edit_Polygon" name="geometry_Box" time="8.649"/>
  <system-out/>
  <testcase classname="Sanity.Atlas.Atlas_Edit_Polygon" name="Line_Edit" time="7.896"/>
  <system-out/>
  <testcase classname="Sanity.Atlas.Atlas_Edit_Polygon" name="Box_delete" time="6.730"/>
  <system-out/>
</testsuite> <!-- Sanity.Atlas.Atlas_Edit_Polygon -->
